# JRE version: Java(TM) SE Runtime Environment (8.0_51-b16) (build 1.8.0_51-b16)
# Java VM: Java HotSpot(TM) 64-Bit Server VM (25.51-b03 mixed mode linux-amd64 compressed oops)
Heap:
 PSYoungGen      total 123904K, used 59307K [0x00000000f5580000, 0x00000000fe780000, 0x0000000100000000)
  eden space 101376K, 50% used [0x00000000f5580000,0x00000000f879fd70,0x00000000fb880000)
  from space 22528K, 35% used [0x00000000fd180000,0x00000000fd94afd0,0x00000000fe780000)
  to   space 24064K, 0% used [0x00000000fb880000,0x00000000fb880000,0x00000000fd000000)
 ParOldGen       total 138240K, used 87626K [0x00000000e0000000, 0x00000000e8700000, 0x00000000f5580000)
  object space 138240K, 63% used [0x00000000e0000000,0x00000000e55928e8,0x00000000e8700000)
 Metaspace       used 107237K, capacity 114672K, committed 114836K, reserved 1150976K
  class space    used 11928K, capacity 14150K, committed 14268K, reserved 1048576K
GC Heap History (10 events):
Event: 383.730 GC heap before
{Heap before GC invocations=41 (full 8):
 PSYoungGen      total 124416K, used 32713K [0x00000000f5580000, 0x00000000fee80000, 0x0000000100000000)
  eden space 99328K, 13% used [0x00000000f5580000,0x00000000f62b8288,0x00000000fb680000)
  from space 25088K, 76% used [0x00000000fd100000,0x00000000fe3ba200,0x00000000fe980000)
  to   space 27136K, 0% used [0x00000000fb680000,0x00000000fb680000,0x00000000fd100000)
 ParOldGen       total 138240K, used 82042K [0x00000000e0000000, 0x00000000e8700000, 0x00000000f5580000)
  object space 138240K, 59% used [0x00000000e0000000,0x00000000e501ea40,0x00000000e8700000)
 Metaspace       used 106455K, capacity 113890K, committed 114196K, reserved 1148928K
  class space    used 11865K, capacity 14084K, committed 14140K, reserved 1048576K
Event: 383.735 GC heap after
Heap after GC invocations=41 (full 8):
 PSYoungGen      total 126464K, used 13308K [0x00000000f5580000, 0x00000000fed80000, 0x0000000100000000)
  eden space 99328K, 0% used [0x00000000f5580000,0x00000000f5580000,0x00000000fb680000)
  from space 27136K, 49% used [0x00000000fb680000,0x00000000fc37f090,0x00000000fd100000)
  to   space 26624K, 0% used [0x00000000fd380000,0x00000000fd380000,0x00000000fed80000)
 ParOldGen       total 138240K, used 82042K [0x00000000e0000000, 0x00000000e8700000, 0x00000000f5580000)
  object space 138240K, 59% used [0x00000000e0000000,0x00000000e501ea40,0x00000000e8700000)
 Metaspace       used 106455K, capacity 113890K, committed 114196K, reserved 1148928K
  class space    used 11865K, capacity 14084K, committed 14140K, reserved 1048576K
}
Event: 383.735 GC heap before
{Heap before GC invocations=42 (full 9):
 PSYoungGen      total 126464K, used 13308K [0x00000000f5580000, 0x00000000fed80000, 0x0000000100000000)
  eden space 99328K, 0% used [0x00000000f5580000,0x00000000f5580000,0x00000000fb680000)
  from space 27136K, 49% used [0x00000000fb680000,0x00000000fc37f090,0x00000000fd100000)
  to   space 26624K, 0% used [0x00000000fd380000,0x00000000fd380000,0x00000000fed80000)
 ParOldGen       total 138240K, used 82042K [0x00000000e0000000, 0x00000000e8700000, 0x00000000f5580000)
  object space 138240K, 59% used [0x00000000e0000000,0x00000000e501ea40,0x00000000e8700000)
 Metaspace       used 106455K, capacity 113890K, committed 114196K, reserved 1148928K
  class space    used 11865K, capacity 14084K, committed 14140K, reserved 1048576K
Event: 384.103 GC heap after
Heap after GC invocations=42 (full 9):
 PSYoungGen      total 126464K, used 0K [0x00000000f5580000, 0x00000000fed80000, 0x0000000100000000)
  eden space 99328K, 0% used [0x00000000f5580000,0x00000000f5580000,0x00000000fb680000)
  from space 27136K, 0% used [0x00000000fb680000,0x00000000fb680000,0x00000000fd100000)
  to   space 26624K, 0% used [0x00000000fd380000,0x00000000fd380000,0x00000000fed80000)
 ParOldGen       total 138240K, used 87618K [0x00000000e0000000, 0x00000000e8700000, 0x00000000f5580000)
  object space 138240K, 63% used [0x00000000e0000000,0x00000000e55908e8,0x00000000e8700000)
 Metaspace       used 106455K, capacity 113890K, committed 114196K, reserved 1148928K
  class space    used 11865K, capacity 14084K, committed 14140K, reserved 1048576K
}
Event: 407.153 GC heap before
{Heap before GC invocations=43 (full 9):
 PSYoungGen      total 126464K, used 99328K [0x00000000f5580000, 0x00000000fed80000, 0x0000000100000000)
  eden space 99328K, 100% used [0x00000000f5580000,0x00000000fb680000,0x00000000fb680000)
  from space 27136K, 0% used [0x00000000fb680000,0x00000000fb680000,0x00000000fd100000)
  to   space 26624K, 0% used [0x00000000fd380000,0x00000000fd380000,0x00000000fed80000)
 ParOldGen       total 138240K, used 87618K [0x00000000e0000000, 0x00000000e8700000, 0x00000000f5580000)
  object space 138240K, 63% used [0x00000000e0000000,0x00000000e55908e8,0x00000000e8700000)
 Metaspace       used 106721K, capacity 114160K, committed 114452K, reserved 1148928K
  class space    used 11882K, capacity 14086K, committed 14140K, reserved 1048576K
Event: 407.157 GC heap after
Heap after GC invocations=43 (full 9):
 PSYoungGen      total 123904K, used 5417K [0x00000000f5580000, 0x00000000fea80000, 0x0000000100000000)
  eden space 100352K, 0% used [0x00000000f5580000,0x00000000f5580000,0x00000000fb780000)
  from space 23552K, 23% used [0x00000000fd380000,0x00000000fd8ca440,0x00000000fea80000)
  to   space 26112K, 0% used [0x00000000fb780000,0x00000000fb780000,0x00000000fd100000)
 ParOldGen       total 138240K, used 87626K [0x00000000e0000000, 0x00000000e8700000, 0x00000000f5580000)
  object space 138240K, 63% used [0x00000000e0000000,0x00000000e55928e8,0x00000000e8700000)
 Metaspace       used 106721K, capacity 114160K, committed 114452K, reserved 1148928K
  class space    used 11882K, capacity 14086K, committed 14140K, reserved 1048576K
}
Event: 441.410 GC heap before
{Heap before GC invocations=44 (full 9):
 PSYoungGen      total 123904K, used 105769K [0x00000000f5580000, 0x00000000fea80000, 0x0000000100000000)
  eden space 100352K, 100% used [0x00000000f5580000,0x00000000fb780000,0x00000000fb780000)
  from space 23552K, 23% used [0x00000000fd380000,0x00000000fd8ca440,0x00000000fea80000)
  to   space 26112K, 0% used [0x00000000fb780000,0x00000000fb780000,0x00000000fd100000)
 ParOldGen       total 138240K, used 87626K [0x00000000e0000000, 0x00000000e8700000, 0x00000000f5580000)
  object space 138240K, 63% used [0x00000000e0000000,0x00000000e55928e8,0x00000000e8700000)
 Metaspace       used 106814K, capacity 114288K, committed 114452K, reserved 1148928K
  class space    used 11885K, capacity 14086K, committed 14140K, reserved 1048576K
Event: 441.416 GC heap after
Heap after GC invocations=44 (full 9):
 PSYoungGen      total 126464K, used 2707K [0x00000000f5580000, 0x00000000fea80000, 0x0000000100000000)
  eden space 100352K, 0% used [0x00000000f5580000,0x00000000f5580000,0x00000000fb780000)
  from space 26112K, 10% used [0x00000000fb780000,0x00000000fba24ee0,0x00000000fd100000)
  to   space 25600K, 0% used [0x00000000fd180000,0x00000000fd180000,0x00000000fea80000)
 ParOldGen       total 138240K, used 87626K [0x00000000e0000000, 0x00000000e8700000, 0x00000000f5580000)
  object space 138240K, 63% used [0x00000000e0000000,0x00000000e55928e8,0x00000000e8700000)
 Metaspace       used 106814K, capacity 114288K, committed 114452K, reserved 1148928K
  class space    used 11885K, capacity 14086K, committed 14140K, reserved 1048576K
}
Event: 469.575 GC heap before
{Heap before GC invocations=45 (full 9):
 PSYoungGen      total 126464K, used 103059K [0x00000000f5580000, 0x00000000fea80000, 0x0000000100000000)
  eden space 100352K, 100% used [0x00000000f5580000,0x00000000fb780000,0x00000000fb780000)
  from space 26112K, 10% used [0x00000000fb780000,0x00000000fba24ee0,0x00000000fd100000)
  to   space 25600K, 0% used [0x00000000fd180000,0x00000000fd180000,0x00000000fea80000)
 ParOldGen       total 138240K, used 87626K [0x00000000e0000000, 0x00000000e8700000, 0x00000000f5580000)
  object space 138240K, 63% used [0x00000000e0000000,0x00000000e55928e8,0x00000000e8700000)
 Metaspace       used 107111K, capacity 114608K, committed 114836K, reserved 1150976K
  class space    used 11915K, capacity 14150K, committed 14268K, reserved 1048576K
Event: 469.582 GC heap after
Heap after GC invocations=45 (full 9):
 PSYoungGen      total 123904K, used 7979K [0x00000000f5580000, 0x00000000fe780000, 0x0000000100000000)
  eden space 101376K, 0% used [0x00000000f5580000,0x00000000f5580000,0x00000000fb880000)
  from space 22528K, 35% used [0x00000000fd180000,0x00000000fd94afd0,0x00000000fe780000)
  to   space 24064K, 0% used [0x00000000fb880000,0x00000000fb880000,0x00000000fd000000)
 ParOldGen       total 138240K, used 87626K [0x00000000e0000000, 0x00000000e8700000, 0x00000000f5580000)
  object space 138240K, 63% used [0x00000000e0000000,0x00000000e55928e8,0x00000000e8700000)
 Metaspace       used 107111K, capacity 114608K, committed 114836K, reserved 1150976K
  class space    used 11915K, capacity 14150K, committed 14268K, reserved 1048576K
}

