# JRE version: Java(TM) SE Runtime Environment (8.0_51-b16) (build 1.8.0_51-b16)
# Java VM: Java HotSpot(TM) 64-Bit Server VM (25.51-b03 mixed mode linux-amd64 compressed oops)
Heap:
 PSYoungGen      total 142848K, used 92276K [0x00000000f5580000, 0x00000000fe380000, 0x0000000100000000)
  eden space 140288K, 65% used [0x00000000f5580000,0x00000000faf9d3e8,0x00000000fde80000)
  from space 2560K, 0% used [0x00000000fe100000,0x00000000fe100000,0x00000000fe380000)
  to   space 2560K, 0% used [0x00000000fde80000,0x00000000fde80000,0x00000000fe100000)
 ParOldGen       total 123392K, used 73005K [0x00000000e0000000, 0x00000000e7880000, 0x00000000f5580000)
  object space 123392K, 59% used [0x00000000e0000000,0x00000000e474b550,0x00000000e7880000)
 Metaspace       used 106652K, capacity 114294K, committed 114432K, reserved 1148928K
  class space    used 11829K, capacity 14068K, committed 14080K, reserved 1048576K
GC Heap History (10 events):
Event: 6408.417 GC heap before
{Heap before GC invocations=231 (full 97):
 PSYoungGen      total 142336K, used 1267K [0x00000000f5580000, 0x00000000fe380000, 0x0000000100000000)
  eden space 140288K, 0% used [0x00000000f5580000,0x00000000f5580000,0x00000000fde80000)
  from space 2048K, 61% used [0x00000000fe180000,0x00000000fe2bce50,0x00000000fe380000)
  to   space 2560K, 0% used [0x00000000fde80000,0x00000000fde80000,0x00000000fe100000)
 ParOldGen       total 123392K, used 73145K [0x00000000e0000000, 0x00000000e7880000, 0x00000000f5580000)
  object space 123392K, 59% used [0x00000000e0000000,0x00000000e476e788,0x00000000e7880000)
 Metaspace       used 106530K, capacity 114102K, committed 114176K, reserved 1148928K
  class space    used 11827K, capacity 14068K, committed 14080K, reserved 1048576K
Event: 6408.546 GC heap after
Heap after GC invocations=231 (full 97):
 PSYoungGen      total 142336K, used 0K [0x00000000f5580000, 0x00000000fe380000, 0x0000000100000000)
  eden space 140288K, 0% used [0x00000000f5580000,0x00000000f5580000,0x00000000fde80000)
  from space 2048K, 0% used [0x00000000fe180000,0x00000000fe180000,0x00000000fe380000)
  to   space 2560K, 0% used [0x00000000fde80000,0x00000000fde80000,0x00000000fe100000)
 ParOldGen       total 123392K, used 72986K [0x00000000e0000000, 0x00000000e7880000, 0x00000000f5580000)
  object space 123392K, 59% used [0x00000000e0000000,0x00000000e4746970,0x00000000e7880000)
 Metaspace       used 106530K, capacity 114102K, committed 114176K, reserved 1148928K
  class space    used 11827K, capacity 14068K, committed 14080K, reserved 1048576K
}
Event: 6468.409 GC heap before
{Heap before GC invocations=232 (full 97):
 PSYoungGen      total 142336K, used 26955K [0x00000000f5580000, 0x00000000fe380000, 0x0000000100000000)
  eden space 140288K, 19% used [0x00000000f5580000,0x00000000f6fd2e10,0x00000000fde80000)
  from space 2048K, 0% used [0x00000000fe180000,0x00000000fe180000,0x00000000fe380000)
  to   space 2560K, 0% used [0x00000000fde80000,0x00000000fde80000,0x00000000fe100000)
 ParOldGen       total 123392K, used 72986K [0x00000000e0000000, 0x00000000e7880000, 0x00000000f5580000)
  object space 123392K, 59% used [0x00000000e0000000,0x00000000e4746970,0x00000000e7880000)
 Metaspace       used 106558K, capacity 114102K, committed 114176K, reserved 1148928K
  class space    used 11828K, capacity 14068K, committed 14080K, reserved 1048576K
Event: 6468.413 GC heap after
Heap after GC invocations=232 (full 97):
 PSYoungGen      total 142848K, used 1287K [0x00000000f5580000, 0x00000000fe380000, 0x0000000100000000)
  eden space 140288K, 0% used [0x00000000f5580000,0x00000000f5580000,0x00000000fde80000)
  from space 2560K, 50% used [0x00000000fde80000,0x00000000fdfc1c80,0x00000000fe100000)
  to   space 2560K, 0% used [0x00000000fe100000,0x00000000fe100000,0x00000000fe380000)
 ParOldGen       total 123392K, used 72994K [0x00000000e0000000, 0x00000000e7880000, 0x00000000f5580000)
  object space 123392K, 59% used [0x00000000e0000000,0x00000000e4748970,0x00000000e7880000)
 Metaspace       used 106558K, capacity 114102K, committed 114176K, reserved 1148928K
  class space    used 11828K, capacity 14068K, committed 14080K, reserved 1048576K
}
Event: 6468.413 GC heap before
{Heap before GC invocations=233 (full 98):
 PSYoungGen      total 142848K, used 1287K [0x00000000f5580000, 0x00000000fe380000, 0x0000000100000000)
  eden space 140288K, 0% used [0x00000000f5580000,0x00000000f5580000,0x00000000fde80000)
  from space 2560K, 50% used [0x00000000fde80000,0x00000000fdfc1c80,0x00000000fe100000)
  to   space 2560K, 0% used [0x00000000fe100000,0x00000000fe100000,0x00000000fe380000)
 ParOldGen       total 123392K, used 72994K [0x00000000e0000000, 0x00000000e7880000, 0x00000000f5580000)
  object space 123392K, 59% used [0x00000000e0000000,0x00000000e4748970,0x00000000e7880000)
 Metaspace       used 106558K, capacity 114102K, committed 114176K, reserved 1148928K
  class space    used 11828K, capacity 14068K, committed 14080K, reserved 1048576K
Event: 6468.520 GC heap after
Heap after GC invocations=233 (full 98):
 PSYoungGen      total 142848K, used 0K [0x00000000f5580000, 0x00000000fe380000, 0x0000000100000000)
  eden space 140288K, 0% used [0x00000000f5580000,0x00000000f5580000,0x00000000fde80000)
  from space 2560K, 0% used [0x00000000fde80000,0x00000000fde80000,0x00000000fe100000)
  to   space 2560K, 0% used [0x00000000fe100000,0x00000000fe100000,0x00000000fe380000)
 ParOldGen       total 123392K, used 72997K [0x00000000e0000000, 0x00000000e7880000, 0x00000000f5580000)
  object space 123392K, 59% used [0x00000000e0000000,0x00000000e47495e0,0x00000000e7880000)
 Metaspace       used 106558K, capacity 114102K, committed 114176K, reserved 1148928K
  class space    used 11828K, capacity 14068K, committed 14080K, reserved 1048576K
}
Event: 6529.384 GC heap before
{Heap before GC invocations=234 (full 98):
 PSYoungGen      total 142848K, used 31920K [0x00000000f5580000, 0x00000000fe380000, 0x0000000100000000)
  eden space 140288K, 22% used [0x00000000f5580000,0x00000000f74ac1d8,0x00000000fde80000)
  from space 2560K, 0% used [0x00000000fde80000,0x00000000fde80000,0x00000000fe100000)
  to   space 2560K, 0% used [0x00000000fe100000,0x00000000fe100000,0x00000000fe380000)
 ParOldGen       total 123392K, used 72997K [0x00000000e0000000, 0x00000000e7880000, 0x00000000f5580000)
  object space 123392K, 59% used [0x00000000e0000000,0x00000000e47495e0,0x00000000e7880000)
 Metaspace       used 106570K, capacity 114102K, committed 114176K, reserved 1148928K
  class space    used 11828K, capacity 14068K, committed 14080K, reserved 1048576K
Event: 6529.387 GC heap after
Heap after GC invocations=234 (full 98):
 PSYoungGen      total 142848K, used 1267K [0x00000000f5580000, 0x00000000fe380000, 0x0000000100000000)
  eden space 140288K, 0% used [0x00000000f5580000,0x00000000f5580000,0x00000000fde80000)
  from space 2560K, 49% used [0x00000000fe100000,0x00000000fe23ce50,0x00000000fe380000)
  to   space 2560K, 0% used [0x00000000fde80000,0x00000000fde80000,0x00000000fe100000)
 ParOldGen       total 123392K, used 72997K [0x00000000e0000000, 0x00000000e7880000, 0x00000000f5580000)
  object space 123392K, 59% used [0x00000000e0000000,0x00000000e47495e0,0x00000000e7880000)
 Metaspace       used 106570K, capacity 114102K, committed 114176K, reserved 1148928K
  class space    used 11828K, capacity 14068K, committed 14080K, reserved 1048576K
}
Event: 6529.387 GC heap before
{Heap before GC invocations=235 (full 99):
 PSYoungGen      total 142848K, used 1267K [0x00000000f5580000, 0x00000000fe380000, 0x0000000100000000)
  eden space 140288K, 0% used [0x00000000f5580000,0x00000000f5580000,0x00000000fde80000)
  from space 2560K, 49% used [0x00000000fe100000,0x00000000fe23ce50,0x00000000fe380000)
  to   space 2560K, 0% used [0x00000000fde80000,0x00000000fde80000,0x00000000fe100000)
 ParOldGen       total 123392K, used 72997K [0x00000000e0000000, 0x00000000e7880000, 0x00000000f5580000)
  object space 123392K, 59% used [0x00000000e0000000,0x00000000e47495e0,0x00000000e7880000)
 Metaspace       used 106570K, capacity 114102K, committed 114176K, reserved 1148928K
  class space    used 11828K, capacity 14068K, committed 14080K, reserved 1048576K
Event: 6529.487 GC heap after
Heap after GC invocations=235 (full 99):
 PSYoungGen      total 142848K, used 0K [0x00000000f5580000, 0x00000000fe380000, 0x0000000100000000)
  eden space 140288K, 0% used [0x00000000f5580000,0x00000000f5580000,0x00000000fde80000)
  from space 2560K, 0% used [0x00000000fe100000,0x00000000fe100000,0x00000000fe380000)
  to   space 2560K, 0% used [0x00000000fde80000,0x00000000fde80000,0x00000000fe100000)
 ParOldGen       total 123392K, used 73005K [0x00000000e0000000, 0x00000000e7880000, 0x00000000f5580000)
  object space 123392K, 59% used [0x00000000e0000000,0x00000000e474b550,0x00000000e7880000)
 Metaspace       used 106570K, capacity 114102K, committed 114176K, reserved 1148928K
  class space    used 11828K, capacity 14068K, committed 14080K, reserved 1048576K
}

