# JRE version: Java(TM) SE Runtime Environment (8.0_51-b16) (build 1.8.0_51-b16)
# Java VM: Java HotSpot(TM) 64-Bit Server VM (25.51-b03 mixed mode linux-amd64 compressed oops)
Heap:
 PSYoungGen      total 41984K, used 27946K [0x00000000f5580000, 0x00000000f9380000, 0x0000000100000000)
  eden space 38912K, 64% used [0x00000000f5580000,0x00000000f6e2f280,0x00000000f7b80000)
  from space 3072K, 86% used [0x00000000f7c00000,0x00000000f7e9b8e0,0x00000000f7f00000)
  to   space 12288K, 0% used [0x00000000f8780000,0x00000000f8780000,0x00000000f9380000)
 ParOldGen       total 128000K, used 83963K [0x00000000e0000000, 0x00000000e7d00000, 0x00000000f5580000)
  object space 128000K, 65% used [0x00000000e0000000,0x00000000e51fec08,0x00000000e7d00000)
 Metaspace       used 102889K, capacity 109816K, committed 109952K, reserved 1146880K
  class space    used 11351K, capacity 13402K, committed 13440K, reserved 1048576K
GC Heap History (10 events):
Event: 3764.496 GC heap before
{Heap before GC invocations=80 (full 11):
 PSYoungGen      total 58368K, used 45479K [0x00000000f5580000, 0x00000000fa000000, 0x0000000100000000)
  eden space 43520K, 100% used [0x00000000f5580000,0x00000000f8000000,0x00000000f8000000)
  from space 14848K, 13% used [0x00000000f9180000,0x00000000f9369c60,0x00000000fa000000)
  to   space 16384K, 0% used [0x00000000f8000000,0x00000000f8000000,0x00000000f9000000)
 ParOldGen       total 128000K, used 83580K [0x00000000e0000000, 0x00000000e7d00000, 0x00000000f5580000)
  object space 128000K, 65% used [0x00000000e0000000,0x00000000e519f2b8,0x00000000e7d00000)
 Metaspace       used 102611K, capacity 109432K, committed 109696K, reserved 1144832K
  class space    used 11332K, capacity 13402K, committed 13440K, reserved 1048576K
Event: 3764.500 GC heap after
Heap after GC invocations=80 (full 11):
 PSYoungGen      total 45056K, used 2183K [0x00000000f5580000, 0x00000000f9d00000, 0x0000000100000000)
  eden space 42496K, 0% used [0x00000000f5580000,0x00000000f5580000,0x00000000f7f00000)
  from space 2560K, 85% used [0x00000000f8000000,0x00000000f8221d20,0x00000000f8280000)
  to   space 15360K, 0% used [0x00000000f8e00000,0x00000000f8e00000,0x00000000f9d00000)
 ParOldGen       total 128000K, used 83636K [0x00000000e0000000, 0x00000000e7d00000, 0x00000000f5580000)
  object space 128000K, 65% used [0x00000000e0000000,0x00000000e51ad2b8,0x00000000e7d00000)
 Metaspace       used 102611K, capacity 109432K, committed 109696K, reserved 1144832K
  class space    used 11332K, capacity 13402K, committed 13440K, reserved 1048576K
}
Event: 3787.819 GC heap before
{Heap before GC invocations=81 (full 11):
 PSYoungGen      total 45056K, used 44679K [0x00000000f5580000, 0x00000000f9d00000, 0x0000000100000000)
  eden space 42496K, 100% used [0x00000000f5580000,0x00000000f7f00000,0x00000000f7f00000)
  from space 2560K, 85% used [0x00000000f8000000,0x00000000f8221d20,0x00000000f8280000)
  to   space 15360K, 0% used [0x00000000f8e00000,0x00000000f8e00000,0x00000000f9d00000)
 ParOldGen       total 128000K, used 83636K [0x00000000e0000000, 0x00000000e7d00000, 0x00000000f5580000)
  object space 128000K, 65% used [0x00000000e0000000,0x00000000e51ad2b8,0x00000000e7d00000)
 Metaspace       used 102742K, capacity 109624K, committed 109952K, reserved 1146880K
  class space    used 11350K, capacity 13402K, committed 13440K, reserved 1048576K
Event: 3787.823 GC heap after
Heap after GC invocations=81 (full 11):
 PSYoungGen      total 53760K, used 2538K [0x00000000f5580000, 0x00000000f9a00000, 0x0000000100000000)
  eden space 41472K, 0% used [0x00000000f5580000,0x00000000f5580000,0x00000000f7e00000)
  from space 12288K, 20% used [0x00000000f8e00000,0x00000000f907aac0,0x00000000f9a00000)
  to   space 14336K, 0% used [0x00000000f7e00000,0x00000000f7e00000,0x00000000f8c00000)
 ParOldGen       total 128000K, used 83730K [0x00000000e0000000, 0x00000000e7d00000, 0x00000000f5580000)
  object space 128000K, 65% used [0x00000000e0000000,0x00000000e51c4bf8,0x00000000e7d00000)
 Metaspace       used 102742K, capacity 109624K, committed 109952K, reserved 1146880K
  class space    used 11350K, capacity 13402K, committed 13440K, reserved 1048576K
}
Event: 3803.600 GC heap before
{Heap before GC invocations=82 (full 11):
 PSYoungGen      total 53760K, used 44010K [0x00000000f5580000, 0x00000000f9a00000, 0x0000000100000000)
  eden space 41472K, 100% used [0x00000000f5580000,0x00000000f7e00000,0x00000000f7e00000)
  from space 12288K, 20% used [0x00000000f8e00000,0x00000000f907aac0,0x00000000f9a00000)
  to   space 14336K, 0% used [0x00000000f7e00000,0x00000000f7e00000,0x00000000f8c00000)
 ParOldGen       total 128000K, used 83730K [0x00000000e0000000, 0x00000000e7d00000, 0x00000000f5580000)
  object space 128000K, 65% used [0x00000000e0000000,0x00000000e51c4bf8,0x00000000e7d00000)
 Metaspace       used 102786K, capacity 109752K, committed 109952K, reserved 1146880K
  class space    used 11351K, capacity 13402K, committed 13440K, reserved 1048576K
Event: 3803.603 GC heap after
Heap after GC invocations=82 (full 11):
 PSYoungGen      total 43008K, used 2462K [0x00000000f5580000, 0x00000000f9800000, 0x0000000100000000)
  eden space 40448K, 0% used [0x00000000f5580000,0x00000000f5580000,0x00000000f7d00000)
  from space 2560K, 96% used [0x00000000f7e00000,0x00000000f80678d0,0x00000000f8080000)
  to   space 13824K, 0% used [0x00000000f8a80000,0x00000000f8a80000,0x00000000f9800000)
 ParOldGen       total 128000K, used 83794K [0x00000000e0000000, 0x00000000e7d00000, 0x00000000f5580000)
  object space 128000K, 65% used [0x00000000e0000000,0x00000000e51d4bf8,0x00000000e7d00000)
 Metaspace       used 102786K, capacity 109752K, committed 109952K, reserved 1146880K
  class space    used 11351K, capacity 13402K, committed 13440K, reserved 1048576K
}
Event: 3836.422 GC heap before
{Heap before GC invocations=83 (full 11):
 PSYoungGen      total 43008K, used 42910K [0x00000000f5580000, 0x00000000f9800000, 0x0000000100000000)
  eden space 40448K, 100% used [0x00000000f5580000,0x00000000f7d00000,0x00000000f7d00000)
  from space 2560K, 96% used [0x00000000f7e00000,0x00000000f80678d0,0x00000000f8080000)
  to   space 13824K, 0% used [0x00000000f8a80000,0x00000000f8a80000,0x00000000f9800000)
 ParOldGen       total 128000K, used 83794K [0x00000000e0000000, 0x00000000e7d00000, 0x00000000f5580000)
  object space 128000K, 65% used [0x00000000e0000000,0x00000000e51d4bf8,0x00000000e7d00000)
 Metaspace       used 102805K, capacity 109752K, committed 109952K, reserved 1146880K
  class space    used 11351K, capacity 13402K, committed 13440K, reserved 1048576K
Event: 3836.426 GC heap after
Heap after GC invocations=83 (full 11):
 PSYoungGen      total 50176K, used 2394K [0x00000000f5580000, 0x00000000f9500000, 0x0000000100000000)
  eden space 39424K, 0% used [0x00000000f5580000,0x00000000f5580000,0x00000000f7c00000)
  from space 10752K, 22% used [0x00000000f8a80000,0x00000000f8cd6ab0,0x00000000f9500000)
  to   space 12800K, 0% used [0x00000000f7c00000,0x00000000f7c00000,0x00000000f8880000)
 ParOldGen       total 128000K, used 83858K [0x00000000e0000000, 0x00000000e7d00000, 0x00000000f5580000)
  object space 128000K, 65% used [0x00000000e0000000,0x00000000e51e4bf8,0x00000000e7d00000)
 Metaspace       used 102805K, capacity 109752K, committed 109952K, reserved 1146880K
  class space    used 11351K, capacity 13402K, committed 13440K, reserved 1048576K
}
Event: 3877.922 GC heap before
{Heap before GC invocations=84 (full 11):
 PSYoungGen      total 50176K, used 41818K [0x00000000f5580000, 0x00000000f9500000, 0x0000000100000000)
  eden space 39424K, 100% used [0x00000000f5580000,0x00000000f7c00000,0x00000000f7c00000)
  from space 10752K, 22% used [0x00000000f8a80000,0x00000000f8cd6ab0,0x00000000f9500000)
  to   space 12800K, 0% used [0x00000000f7c00000,0x00000000f7c00000,0x00000000f8880000)
 ParOldGen       total 128000K, used 83858K [0x00000000e0000000, 0x00000000e7d00000, 0x00000000f5580000)
  object space 128000K, 65% used [0x00000000e0000000,0x00000000e51e4bf8,0x00000000e7d00000)
 Metaspace       used 102859K, capacity 109816K, committed 109952K, reserved 1146880K
  class space    used 11351K, capacity 13402K, committed 13440K, reserved 1048576K
Event: 3877.925 GC heap after
Heap after GC invocations=84 (full 11):
 PSYoungGen      total 41984K, used 2670K [0x00000000f5580000, 0x00000000f9380000, 0x0000000100000000)
  eden space 38912K, 0% used [0x00000000f5580000,0x00000000f5580000,0x00000000f7b80000)
  from space 3072K, 86% used [0x00000000f7c00000,0x00000000f7e9b8e0,0x00000000f7f00000)
  to   space 12288K, 0% used [0x00000000f8780000,0x00000000f8780000,0x00000000f9380000)
 ParOldGen       total 128000K, used 83963K [0x00000000e0000000, 0x00000000e7d00000, 0x00000000f5580000)
  object space 128000K, 65% used [0x00000000e0000000,0x00000000e51fec08,0x00000000e7d00000)
 Metaspace       used 102859K, capacity 109816K, committed 109952K, reserved 1146880K
  class space    used 11351K, capacity 13402K, committed 13440K, reserved 1048576K
}

